2017-10-12 22:57:00  Starting Parity/v1.8.0-unstable-7cc4389-20170928/x86_64-macos/rustc1.20.0
2017-10-12 22:57:00  Keys path /Users/max_blaushild/Library/Application Support/io.parity.ethereum/keys/Ropsten
2017-10-12 22:57:00  DB path /Users/max_blaushild/Library/Application Support/io.parity.ethereum/chains/test/db/ae90623718e47d66
2017-10-12 22:57:00  Path to dapps /Users/max_blaushild/Library/Application Support/io.parity.ethereum/dapps
2017-10-12 22:57:00  State DB configuration: fast
2017-10-12 22:57:00  Operating mode: active
2017-10-12 22:57:00  Configured for Ropsten using Ethash engine
Client service error: Client(Database("IO error: lock /Users/max_blaushild/Library/Application Support/io.parity.ethereum/chains/test/db/ae90623718e47d66/overlayrecent/db/LOCK: Resource temporarily unavailable"))
2017-10-12 22:57:26  Starting Parity/v1.8.0-unstable-7cc4389-20170928/x86_64-macos/rustc1.20.0
2017-10-12 22:57:26  Keys path /Users/max_blaushild/Library/Application Support/io.parity.ethereum/keys/Ropsten
2017-10-12 22:57:26  DB path /Users/max_blaushild/Library/Application Support/io.parity.ethereum/chains/test/db/ae90623718e47d66
2017-10-12 22:57:26  Path to dapps /Users/max_blaushild/Library/Application Support/io.parity.ethereum/dapps
2017-10-12 22:57:26  State DB configuration: fast
2017-10-12 22:57:26  Operating mode: active
2017-10-12 22:57:26  Configured for Ropsten using Ethash engine
Client service error: Client(Database("IO error: lock /Users/max_blaushild/Library/Application Support/io.parity.ethereum/chains/test/db/ae90623718e47d66/overlayrecent/db/LOCK: Resource temporarily unavailable"))
2017-10-23 18:59:30  Starting Parity/v1.8.0-unstable-7cc4389-20170928/x86_64-macos/rustc1.20.0
2017-10-23 18:59:30  Keys path /Users/max_blaushild/Library/Application Support/io.parity.ethereum/keys/Foundation
2017-10-23 18:59:30  DB path /Users/max_blaushild/Library/Application Support/io.parity.ethereum/chains/ethereum/db/906a34e69aec8c0d
2017-10-23 18:59:30  Path to dapps /Users/max_blaushild/Library/Application Support/io.parity.ethereum/dapps
2017-10-23 18:59:30  State DB configuration: fast
2017-10-23 18:59:30  Operating mode: active
2017-10-23 18:59:30  Configured for Foundation using Ethash engine
2017-10-23 18:59:30  Updated conversion rate to Ξ1 = US$283.91 (419314600 wei/gas)
2017-10-23 18:59:33  Public node URL: enode://e56b397b66a9393b076f76424aae98d1be92a8f2daf446f24f8bc267ef60547dc4080d4732908096ac16a74d08ed0e0aec38b6fd6b9c1799ac248eb89a3be6cb@192.168.86.249:30303
2017-10-23 18:59:43  Syncing #4332173 66c5…7c26     0 blk/s    0 tx/s   0 Mgas/s      0+    0 Qed  #4332173    1/25 peers     99 KiB chain   64 MiB db  0 bytes queue   19 KiB sync  RPC:  0 conn,  0 req/s,   0 µs
2017-10-23 18:59:53  Syncing #4332193 992b…9f79     2 blk/s  343 tx/s  12 Mgas/s    110+  363 Qed  #4332681    2/25 peers    517 KiB chain   67 MiB db   49 MiB queue  263 KiB sync  RPC:  0 conn,  0 req/s,   0 µs
2017-10-23 19:00:03  Syncing #4332253 6b0a…557c     6 blk/s  697 tx/s  34 Mgas/s      0+  424 Qed  #4332681    2/25 peers      2 MiB chain   69 MiB db   50 MiB queue  263 KiB sync  RPC:  0 conn,  0 req/s,   0 µs
2017-10-23 19:00:13  Syncing #4332325 5138…4b0e     7 blk/s  768 tx/s  42 Mgas/s      0+  352 Qed  #4332681    3/25 peers     42 KiB chain   71 MiB db   43 MiB queue  263 KiB sync  RPC:  1 conn, 19 req/s, 39163 µs
2017-10-23 19:00:23  Syncing #4332404 e7fb…1067     7 blk/s  720 tx/s  45 Mgas/s      0+  340 Qed  #4332745    3/25 peers      4 MiB chain   71 MiB db   41 MiB queue  223 KiB sync  RPC:  1 conn,  9 req/s, 9421 µs
2017-10-23 19:00:33  Syncing #4332476 0748…e4d3     7 blk/s  838 tx/s  40 Mgas/s      0+  458 Qed  #4332935    3/25 peers      6 MiB chain   74 MiB db   53 MiB queue  432 KiB sync  RPC:  1 conn,  6 req/s, 140 µs
2017-10-23 19:00:43  Syncing #4332537 24bd…4064     6 blk/s 1081 tx/s  38 Mgas/s      0+  394 Qed  #4332935    3/25 peers      6 MiB chain   77 MiB db   43 MiB queue  432 KiB sync  RPC:  1 conn,  4 req/s, 147 µs
2017-10-23 19:00:53  Syncing #4332593 ea59…a249     5 blk/s  816 tx/s  33 Mgas/s      0+  466 Qed  #4333063    3/25 peers      6 MiB chain   77 MiB db   50 MiB queue    2 MiB sync  RPC:  1 conn,  5 req/s, 124 µs
2017-10-23 19:01:03  Syncing #4332677 9ab9…ab04     8 blk/s  704 tx/s  39 Mgas/s      0+  382 Qed  #4333063    4/25 peers      7 MiB chain   78 MiB db   42 MiB queue    2 MiB sync  RPC:  1 conn,  3 req/s, 147 µs
2017-10-23 19:01:13  Syncing #4332754 0ba9…45b1     7 blk/s  733 tx/s  40 Mgas/s      0+  496 Qed  #4333253    4/25 peers      6 MiB chain   79 MiB db   60 MiB queue  393 KiB sync  RPC:  1 conn,  0 req/s, 162 µs
2017-10-23 19:01:23  Syncing #4332831 a54d…b7df     7 blk/s  779 tx/s  42 Mgas/s      0+  420 Qed  #4333253    6/25 peers      7 MiB chain   80 MiB db   52 MiB queue  393 KiB sync  RPC:  1 conn,  0 req/s, 176 µs
2017-10-23 19:01:33  Syncing #4332908 415d…ce5e     7 blk/s  823 tx/s  41 Mgas/s      0+  344 Qed  #4333253    7/25 peers      5 MiB chain   80 MiB db   44 MiB queue  393 KiB sync  RPC:  1 conn,  0 req/s, 491 µs
2017-10-23 19:01:43  Syncing #4332984 0989…a74a     7 blk/s  770 tx/s  43 Mgas/s      0+  331 Qed  #4333316    8/25 peers      6 MiB chain   82 MiB db   43 MiB queue  820 KiB sync  RPC:  1 conn,  2 req/s,  69 µs
2017-10-23 19:01:53  Syncing #4333058 2de9…bbdd     7 blk/s  772 tx/s  40 Mgas/s      0+  449 Qed  #4333510    8/25 peers      6 MiB chain   84 MiB db   58 MiB queue   11 MiB sync  RPC:  1 conn,  1 req/s,  56 µs
2017-10-23 19:02:03  Syncing #4333114 dc1e…cae2     5 blk/s  784 tx/s  36 Mgas/s      0+  393 Qed  #4333510    7/25 peers      6 MiB chain   83 MiB db   50 MiB queue   11 MiB sync  RPC:  1 conn,  1 req/s,  44 µs
2017-10-23 19:02:13  Syncing #4333189 e151…61d7     7 blk/s 1069 tx/s  47 Mgas/s      0+  317 Qed  #4333510    8/25 peers      4 MiB chain   83 MiB db   39 MiB queue   11 MiB sync  RPC:  1 conn,  1 req/s,  46 µs
2017-10-23 19:02:23  Syncing #4333263 9dfc…a4d5     7 blk/s 1013 tx/s  44 Mgas/s      0+  877 Qed  #4334142    8/25 peers      4 MiB chain   83 MiB db   99 MiB queue    3 MiB sync  RPC:  1 conn,  1 req/s,  51 µs
2017-10-23 19:02:33  Syncing #4333355 fadd…c51f     9 blk/s 1151 tx/s  51 Mgas/s      0+  785 Qed  #4334142    8/25 peers      7 MiB chain   83 MiB db   87 MiB queue    3 MiB sync  RPC:  1 conn,  2 req/s,  51 µs
2017-10-23 19:02:43  Syncing #4333447 301d…dd7d     9 blk/s 1122 tx/s  48 Mgas/s      0+  693 Qed  #4334142    8/25 peers      8 MiB chain   83 MiB db   77 MiB queue    3 MiB sync  RPC:  1 conn,  2 req/s,  48 µs
2017-10-23 19:02:53  Syncing #4333538 a351…550e     9 blk/s 1190 tx/s  52 Mgas/s      0+  601 Qed  #4334142    8/25 peers      7 MiB chain   84 MiB db   65 MiB queue    3 MiB sync  RPC:  1 conn,  1 req/s,  45 µs
2017-10-23 19:03:03  Syncing #4333633 de9e…d9f1     9 blk/s 1008 tx/s  55 Mgas/s      0+  505 Qed  #4334142    8/25 peers      5 MiB chain   83 MiB db   55 MiB queue    3 MiB sync  RPC:  1 conn,  1 req/s,  49 µs
2017-10-23 19:03:13  Syncing #4333718 2298…2c1c     8 blk/s 1038 tx/s  51 Mgas/s      0+  421 Qed  #4334142    8/25 peers      5 MiB chain   84 MiB db   46 MiB queue    3 MiB sync  RPC:  1 conn,  2 req/s,  50 µs
2017-10-23 19:03:23  Syncing #4333792 09b3…4829     7 blk/s  794 tx/s  46 Mgas/s      0+  349 Qed  #4334142    9/25 peers      5 MiB chain   83 MiB db   38 MiB queue    9 MiB sync  RPC:  1 conn,  1 req/s,  50 µs
2017-10-23 19:03:33  Syncing #4333856 463d…de7a     6 blk/s  762 tx/s  40 Mgas/s    416+  559 Qed  #4334840    8/25 peers      7 MiB chain   83 MiB db   78 MiB queue   37 MiB sync  RPC:  1 conn,  1 req/s,  50 µs
2017-10-23 19:03:43  Syncing #4333924 662d…1b4c     6 blk/s  754 tx/s  40 Mgas/s      0+  915 Qed  #4334840    8/25 peers      7 MiB chain   83 MiB db   95 MiB queue   37 MiB sync  RPC:  1 conn,  1 req/s,  48 µs
2017-10-23 19:03:53  Syncing #4334002 2c82…9809     7 blk/s  878 tx/s  45 Mgas/s      0+  835 Qed  #4334840    8/25 peers      6 MiB chain   83 MiB db   87 MiB queue   37 MiB sync  RPC:  1 conn,  1 req/s,  50 µs
2017-10-23 19:04:03  Syncing #4334080 2208…fbaf     7 blk/s  965 tx/s  44 Mgas/s      0+  759 Qed  #4334840    8/25 peers      4 MiB chain   83 MiB db   78 MiB queue   37 MiB sync  RPC:  1 conn,  1 req/s,  44 µs
2017-10-23 19:04:13  Syncing #4334159 8a55…4bab     7 blk/s 1041 tx/s  48 Mgas/s      0+  679 Qed  #4334840    8/25 peers      6 MiB chain   83 MiB db   68 MiB queue   37 MiB sync  RPC:  1 conn,  2 req/s,  48 µs
2017-10-23 19:04:23  Syncing #4334248 869b…2f7d     9 blk/s 1072 tx/s  57 Mgas/s      0+  591 Qed  #4334840    8/25 peers      6 MiB chain   83 MiB db   58 MiB queue   37 MiB sync  RPC:  1 conn,  1 req/s,  48 µs
2017-10-23 19:04:33  Syncing #4334336 f7fb…ab03     8 blk/s 1010 tx/s  54 Mgas/s      0+  503 Qed  #4334840    8/25 peers      6 MiB chain   83 MiB db   49 MiB queue   37 MiB sync  RPC:  1 conn,  1 req/s,  45 µs
2017-10-23 19:04:43  Syncing #4334445 51ed…f1cf    10 blk/s 1090 tx/s  65 Mgas/s      0+  391 Qed  #4334840    8/25 peers      7 MiB chain   83 MiB db   37 MiB queue   47 MiB sync  RPC:  1 conn,  1 req/s,  48 µs
2017-10-23 19:04:53  Syncing #4334533 de62…09e8     8 blk/s  743 tx/s  52 Mgas/s   1318+ 1260 Qed  #4337126    8/25 peers      7 MiB chain   84 MiB db  197 MiB queue   18 MiB sync  RPC:  1 conn,  1 req/s,  48 µs
2017-10-23 19:05:03  Syncing #4334604 8aba…81ce     7 blk/s  713 tx/s  43 Mgas/s      0+ 2521 Qed  #4337126    7/25 peers      7 MiB chain   83 MiB db  276 MiB queue   18 MiB sync  RPC:  1 conn,  2 req/s,  46 µs
2017-10-23 19:05:13  Syncing #4334709 f103…c59b    10 blk/s  947 tx/s  59 Mgas/s      0+ 2413 Qed  #4337126    8/25 peers      7 MiB chain   83 MiB db  266 MiB queue   18 MiB sync  RPC:  1 conn,  3 req/s,  48 µs
2017-10-23 19:05:23  Syncing #4334793 91a6…942b     8 blk/s  728 tx/s  50 Mgas/s      0+ 2333 Qed  #4337126    8/25 peers      4 MiB chain   84 MiB db  258 MiB queue   18 MiB sync  RPC:  1 conn,  1 req/s,  47 µs
2017-10-23 19:05:33  Syncing #4334883 bdae…b024     9 blk/s  795 tx/s  51 Mgas/s      0+ 2241 Qed  #4337126    8/25 peers      6 MiB chain   83 MiB db  249 MiB queue   18 MiB sync  RPC:  1 conn,  1 req/s,  47 µs
2017-10-23 19:05:43  Syncing #4334969 ba57…fd29     8 blk/s  961 tx/s  48 Mgas/s      0+ 2153 Qed  #4337126    8/25 peers      6 MiB chain   83 MiB db  240 MiB queue   18 MiB sync  RPC:  1 conn,  1 req/s,  50 µs
2017-10-23 19:05:53  Syncing #4335042 61bd…c1fe     7 blk/s  756 tx/s  44 Mgas/s      0+ 2081 Qed  #4337126    7/25 peers      9 MiB chain   83 MiB db  232 MiB queue   18 MiB sync  RPC:  1 conn,  1 req/s,  47 µs
2017-10-23 19:06:03  Syncing #4335114 d425…5508     7 blk/s  864 tx/s  42 Mgas/s      0+ 2009 Qed  #4337126    7/25 peers      3 MiB chain   83 MiB db  223 MiB queue   18 MiB sync  RPC:  1 conn,  1 req/s,  46 µs
2017-10-23 19:06:13  Syncing #4335188 4114…6351     7 blk/s  911 tx/s  45 Mgas/s      0+ 1937 Qed  #4337126    7/25 peers      4 MiB chain   83 MiB db  214 MiB queue   18 MiB sync  RPC:  1 conn,  2 req/s,  49 µs
2017-10-23 19:06:23  Syncing #4335255 fb24…55b2     6 blk/s  834 tx/s  42 Mgas/s      0+ 1869 Qed  #4337126    7/25 peers      8 MiB chain   83 MiB db  206 MiB queue   18 MiB sync  RPC:  1 conn,  1 req/s,  49 µs
2017-10-23 19:06:33  Syncing #4335314 4cd4…f3c4     5 blk/s  681 tx/s  37 Mgas/s      0+ 1809 Qed  #4337126    8/25 peers      4 MiB chain   83 MiB db  199 MiB queue   18 MiB sync  RPC:  1 conn,  2 req/s,  50 µs
2017-10-23 19:06:43  Syncing #4335399 028a…d6aa     8 blk/s  850 tx/s  46 Mgas/s      0+ 1725 Qed  #4337126    8/25 peers      9 MiB chain   83 MiB db  190 MiB queue   18 MiB sync  RPC:  1 conn,  3 req/s,  47 µs
2017-10-23 19:06:53  Syncing #4335468 2659…0512     6 blk/s  886 tx/s  42 Mgas/s      0+ 1657 Qed  #4337126    8/25 peers      6 MiB chain   83 MiB db  182 MiB queue   18 MiB sync  RPC:  1 conn,  3 req/s,  51 µs
2017-10-23 19:07:03  Syncing #4335542 e08d…38c2     7 blk/s  875 tx/s  46 Mgas/s      0+ 1581 Qed  #4337126    8/25 peers      7 MiB chain   83 MiB db  173 MiB queue   18 MiB sync  RPC:  1 conn,  2 req/s,  47 µs
2017-10-23 19:07:13  Syncing #4335614 8751…6501     7 blk/s 1030 tx/s  42 Mgas/s      0+ 1509 Qed  #4337126   10/25 peers      5 MiB chain   82 MiB db  163 MiB queue   18 MiB sync  RPC:  1 conn,  3 req/s,  42 µs
2017-10-23 19:07:23  Syncing #4335693 0e31…ff85     7 blk/s  977 tx/s  46 Mgas/s      0+ 1429 Qed  #4337126   10/25 peers      4 MiB chain   83 MiB db  153 MiB queue   18 MiB sync  RPC:  1 conn,  2 req/s,  42 µs
2017-10-23 19:07:33  Syncing #4335780 daea…2305     8 blk/s  885 tx/s  53 Mgas/s      0+ 1345 Qed  #4337126   10/25 peers      4 MiB chain   83 MiB db  144 MiB queue   18 MiB sync  RPC:  1 conn,  2 req/s,  42 µs
2017-10-23 19:07:43  Syncing #4335874 0d0f…e5f4     9 blk/s  831 tx/s  49 Mgas/s      0+ 1249 Qed  #4337126   10/25 peers      7 MiB chain   84 MiB db  135 MiB queue   18 MiB sync  RPC:  1 conn,  2 req/s,  42 µs
2017-10-23 19:07:53  Syncing #4335966 9b97…0300     9 blk/s  868 tx/s  52 Mgas/s      0+ 1157 Qed  #4337126   12/25 peers      7 MiB chain   83 MiB db  126 MiB queue   18 MiB sync  RPC:  1 conn,  2 req/s,  45 µs
2017-10-23 19:08:03  Syncing #4336062 8fd3…0b7d     9 blk/s  916 tx/s  56 Mgas/s      0+ 1061 Qed  #4337126   11/25 peers      7 MiB chain   83 MiB db  117 MiB queue   18 MiB sync  RPC:  1 conn,  2 req/s,  45 µs
2017-10-23 19:08:13  Syncing #4336145 4f5f…abc4     8 blk/s  977 tx/s  48 Mgas/s      0+  977 Qed  #4337126   10/25 peers      7 MiB chain   83 MiB db  107 MiB queue   18 MiB sync  RPC:  1 conn,  3 req/s,  50 µs
2017-10-23 19:08:18  Syncing #4336189 edcc…26bd     8 blk/s 1043 tx/s  52 Mgas/s      0+  933 Qed  #4337126   10/25 peers      7 MiB chain   83 MiB db  102 MiB queue   18 MiB sync  RPC:  1 conn,  1 req/s,  54 µs
2017-10-23 19:08:28  Syncing #4336275 3dbd…12f9     8 blk/s  967 tx/s  52 Mgas/s      0+  849 Qed  #4337126   10/25 peers      7 MiB chain   82 MiB db   93 MiB queue   18 MiB sync  RPC:  1 conn,  1 req/s,  50 µs
2017-10-23 19:08:38  Syncing #4336359 cab3…2a62     8 blk/s  939 tx/s  49 Mgas/s      0+  765 Qed  #4337126   10/25 peers      7 MiB chain   83 MiB db   83 MiB queue   18 MiB sync  RPC:  1 conn,  1 req/s,  58 µs
2017-10-23 19:08:48  Syncing #4336438 ecb8…a02f     7 blk/s  965 tx/s  49 Mgas/s      0+  685 Qed  #4337126   10/25 peers      7 MiB chain   83 MiB db   73 MiB queue   18 MiB sync  RPC:  1 conn,  1 req/s,  57 µs
2017-10-23 19:08:58  Syncing #4336516 282d…21f3     7 blk/s 1004 tx/s  46 Mgas/s      0+  609 Qed  #4337126   10/25 peers      7 MiB chain   84 MiB db   63 MiB queue   18 MiB sync  RPC:  1 conn,  2 req/s,  56 µs
2017-10-23 19:09:08  Syncing #4336627 4621…e52f    11 blk/s 1121 tx/s  70 Mgas/s      0+  497 Qed  #4337126   10/25 peers      6 MiB chain   83 MiB db   53 MiB queue   18 MiB sync  RPC:  1 conn,  1 req/s,  57 µs
2017-10-23 19:09:13  Syncing #4336679 5ff7…7656    10 blk/s 1269 tx/s  57 Mgas/s      0+  445 Qed  #4337126   10/25 peers      7 MiB chain   84 MiB db   48 MiB queue   18 MiB sync  RPC:  1 conn,  2 req/s,  57 µs
2017-10-23 19:09:23  Syncing #4336763 c360…465a     8 blk/s 1098 tx/s  52 Mgas/s      0+  427 Qed  #4337192   10/25 peers      6 MiB chain   83 MiB db   44 MiB queue   22 MiB sync  RPC:  1 conn,  1 req/s,  54 µs
2017-10-23 19:09:29  Syncing #4336817 d08e…bfd1    10 blk/s 1079 tx/s  60 Mgas/s      0+  371 Qed  #4337192   10/25 peers      6 MiB chain   83 MiB db   39 MiB queue   29 MiB sync  RPC:  1 conn,  1 req/s,  49 µs
2017-10-23 19:09:39  Syncing #4336904 7af3…7a6f     8 blk/s  885 tx/s  45 Mgas/s   1797+ 1082 Qed  #4339793    9/25 peers      7 MiB chain   83 MiB db  193 MiB queue   10 MiB sync  RPC:  1 conn,  1 req/s,  50 µs
2017-10-23 19:09:49  Syncing #4336983 bdc8…5e20     7 blk/s  767 tx/s  38 Mgas/s    321+ 2476 Qed  #4339793   11/25 peers      7 MiB chain   83 MiB db  281 MiB queue   10 MiB sync  RPC:  1 conn,  1 req/s,  49 µs
2017-10-23 19:09:59  Syncing #4337080 8b15…a8d7     9 blk/s  931 tx/s  50 Mgas/s      0+ 2712 Qed  #4339793   11/25 peers      7 MiB chain   83 MiB db  294 MiB queue   10 MiB sync  RPC:  1 conn,  2 req/s,  47 µs
2017-10-23 19:10:09  Syncing #4337194 2627…e5e0    11 blk/s 1106 tx/s  55 Mgas/s      0+ 2596 Qed  #4339793   11/25 peers      7 MiB chain   83 MiB db  282 MiB queue   10 MiB sync  RPC:  1 conn,  3 req/s,  44 µs
2017-10-23 19:10:19  Syncing #4337299 45de…5bef    10 blk/s 1100 tx/s  56 Mgas/s      0+ 2492 Qed  #4339793   11/25 peers      8 MiB chain   83 MiB db  270 MiB queue   10 MiB sync  RPC:  1 conn,  2 req/s,  43 µs
2017-10-23 19:10:24  Syncing #4337350 7c7c…48fa    10 blk/s  940 tx/s  48 Mgas/s      0+ 2440 Qed  #4339793   11/25 peers      8 MiB chain   83 MiB db  266 MiB queue   10 MiB sync  RPC:  0 conn,  0 req/s,  45 µs
2017-10-23 19:10:34  Syncing #4337460 e769…8664    11 blk/s  901 tx/s  52 Mgas/s      0+ 2332 Qed  #4339793   11/25 peers      8 MiB chain   83 MiB db  255 MiB queue   10 MiB sync  RPC:  0 conn,  0 req/s,  45 µs
2017-10-23 19:10:37  Finishing work, please wait...
